<?xml version="1.0" encoding="UTF-8"?>
<!-- Generated by org.testng.reporters.JUnitReportReporter -->
<testsuite hostname="DESKTOP-VAS59V1" failures="0" tests="1" name="com.selenium.template.tests.TestTheTest" time="0.884" errors="0" timestamp="02 Feb 2018 14:43:09 GMT" skipped="0">
  <testcase classname="com.selenium.template.tests.TestTheTest" name="Test_01" time="0.884"/>
</testsuite> <!-- com.selenium.template.tests.TestTheTest -->
